[0.785s] Invoking command in '/home/adi/eyrc_hb/hb_task1b_ws/build/hb_task_1b': PYTHONPATH=/home/adi/eyrc_hb/hb_task1b_ws/build/hb_task_1b/prefix_override:/home/adi/eyrc_hb/hb_task1b_ws/install/hb_task_1b/lib/python3.10/site-packages:${PYTHONPATH} /usr/bin/python3 setup.py develop --uninstall --editable --build-directory /home/adi/eyrc_hb/hb_task1b_ws/build/hb_task_1b/build
[1.048s] running develop
[1.252s] Removing /home/adi/eyrc_hb/hb_task1b_ws/install/hb_task_1b/lib/python3.10/site-packages/hb-task-1b.egg-link (link to .)
[1.288s] Invoked command in '/home/adi/eyrc_hb/hb_task1b_ws/build/hb_task_1b' returned '0': PYTHONPATH=/home/adi/eyrc_hb/hb_task1b_ws/build/hb_task_1b/prefix_override:/home/adi/eyrc_hb/hb_task1b_ws/install/hb_task_1b/lib/python3.10/site-packages:${PYTHONPATH} /usr/bin/python3 setup.py develop --uninstall --editable --build-directory /home/adi/eyrc_hb/hb_task1b_ws/build/hb_task_1b/build
[1.289s] Invoking command in '/home/adi/eyrc_hb/hb_task1b_ws/src/hb_task_1b': PYTHONPATH=/home/adi/eyrc_hb/hb_task1b_ws/build/hb_task_1b/prefix_override:/home/adi/eyrc_hb/hb_task1b_ws/install/hb_task_1b/lib/python3.10/site-packages:${PYTHONPATH} /usr/bin/python3 setup.py egg_info --egg-base ../../build/hb_task_1b build --build-base /home/adi/eyrc_hb/hb_task1b_ws/build/hb_task_1b/build install --record /home/adi/eyrc_hb/hb_task1b_ws/build/hb_task_1b/install.log --single-version-externally-managed
[1.564s] running egg_info
[1.564s] writing ../../build/hb_task_1b/hb_task_1b.egg-info/PKG-INFO
[1.564s] writing dependency_links to ../../build/hb_task_1b/hb_task_1b.egg-info/dependency_links.txt
[1.564s] writing entry points to ../../build/hb_task_1b/hb_task_1b.egg-info/entry_points.txt
[1.564s] writing requirements to ../../build/hb_task_1b/hb_task_1b.egg-info/requires.txt
[1.565s] writing top-level names to ../../build/hb_task_1b/hb_task_1b.egg-info/top_level.txt
[1.566s] reading manifest file '../../build/hb_task_1b/hb_task_1b.egg-info/SOURCES.txt'
[1.567s] writing manifest file '../../build/hb_task_1b/hb_task_1b.egg-info/SOURCES.txt'
[1.567s] running build
[1.567s] running build_py
[1.567s] creating /home/adi/eyrc_hb/hb_task1b_ws/build/hb_task_1b/build
[1.567s] creating /home/adi/eyrc_hb/hb_task1b_ws/build/hb_task_1b/build/lib
[1.567s] creating /home/adi/eyrc_hb/hb_task1b_ws/build/hb_task_1b/build/lib/hb_task_1b
[1.567s] copying hb_task_1b/__init__.py -> /home/adi/eyrc_hb/hb_task1b_ws/build/hb_task_1b/build/lib/hb_task_1b
[1.567s] running install
[1.567s] running install_lib
[1.568s] creating /home/adi/eyrc_hb/hb_task1b_ws/install/hb_task_1b/lib/python3.10/site-packages/hb_task_1b
[1.568s] copying /home/adi/eyrc_hb/hb_task1b_ws/build/hb_task_1b/build/lib/hb_task_1b/__init__.py -> /home/adi/eyrc_hb/hb_task1b_ws/install/hb_task_1b/lib/python3.10/site-packages/hb_task_1b
[1.568s] byte-compiling /home/adi/eyrc_hb/hb_task1b_ws/install/hb_task_1b/lib/python3.10/site-packages/hb_task_1b/__init__.py to __init__.cpython-310.pyc
[1.568s] running install_data
[1.569s] running install_egg_info
[1.570s] Copying ../../build/hb_task_1b/hb_task_1b.egg-info to /home/adi/eyrc_hb/hb_task1b_ws/install/hb_task_1b/lib/python3.10/site-packages/hb_task_1b-0.0.0-py3.10.egg-info
[1.575s] running install_scripts
[1.598s] Installing serviceNode script to /home/adi/eyrc_hb/hb_task1b_ws/install/hb_task_1b/lib/hb_task_1b
[1.598s] writing list of installed files to '/home/adi/eyrc_hb/hb_task1b_ws/build/hb_task_1b/install.log'
[1.627s] Invoked command in '/home/adi/eyrc_hb/hb_task1b_ws/src/hb_task_1b' returned '0': PYTHONPATH=/home/adi/eyrc_hb/hb_task1b_ws/build/hb_task_1b/prefix_override:/home/adi/eyrc_hb/hb_task1b_ws/install/hb_task_1b/lib/python3.10/site-packages:${PYTHONPATH} /usr/bin/python3 setup.py egg_info --egg-base ../../build/hb_task_1b build --build-base /home/adi/eyrc_hb/hb_task1b_ws/build/hb_task_1b/build install --record /home/adi/eyrc_hb/hb_task1b_ws/build/hb_task_1b/install.log --single-version-externally-managed
