[1.080s] DEBUG:colcon:Command line arguments: ['/usr/bin/colcon', 'build']
[1.081s] DEBUG:colcon:Parsed command line arguments: Namespace(log_base=None, log_level=None, verb_name='build', build_base='build', install_base='install', merge_install=False, symlink_install=False, test_result_base=None, continue_on_error=False, executor='parallel', parallel_workers=8, event_handlers=None, ignore_user_meta=False, metas=['./colcon.meta'], base_paths=['.'], packages_ignore=None, packages_ignore_regex=None, paths=None, packages_up_to=None, packages_up_to_regex=None, packages_above=None, packages_above_and_dependencies=None, packages_above_depth=None, packages_select_by_dep=None, packages_skip_by_dep=None, packages_skip_up_to=None, packages_select_build_failed=False, packages_skip_build_finished=False, packages_select_test_failures=False, packages_skip_test_passed=False, packages_select=None, packages_skip=None, packages_select_regex=None, packages_skip_regex=None, packages_start=None, packages_end=None, allow_overriding=[], cmake_args=None, cmake_target=None, cmake_target_skip_unavailable=False, cmake_clean_cache=False, cmake_clean_first=False, cmake_force_configure=False, ament_cmake_args=None, catkin_cmake_args=None, catkin_skip_building_tests=False, verb_parser=<colcon_defaults.argument_parser.defaults.DefaultArgumentsDecorator object at 0x7f077efca410>, verb_extension=<colcon_core.verb.build.BuildVerb object at 0x7f077efc9600>, main=<bound method BuildVerb.main of <colcon_core.verb.build.BuildVerb object at 0x7f077efc9600>>)
[1.126s] Level 1:colcon.colcon_core.package_discovery:discover_packages(colcon_meta) check parameters
[1.126s] Level 1:colcon.colcon_core.package_discovery:discover_packages(recursive) check parameters
[1.126s] Level 1:colcon.colcon_core.package_discovery:discover_packages(ignore) check parameters
[1.126s] Level 1:colcon.colcon_core.package_discovery:discover_packages(path) check parameters
[1.126s] Level 1:colcon.colcon_core.package_discovery:discover_packages(colcon_meta) discover
[1.126s] Level 1:colcon.colcon_core.package_discovery:discover_packages(recursive) discover
[1.126s] INFO:colcon.colcon_core.package_discovery:Crawling recursively for packages in '/home/adi/eyrc_hb/hb_task1b_ws'
[1.126s] Level 1:colcon.colcon_core.package_identification:_identify(.) by extensions ['ignore', 'ignore_ament_install']
[1.127s] Level 1:colcon.colcon_core.package_identification:_identify(.) by extension 'ignore'
[1.127s] Level 1:colcon.colcon_core.package_identification:_identify(.) by extension 'ignore_ament_install'
[1.127s] Level 1:colcon.colcon_core.package_identification:_identify(.) by extensions ['colcon_pkg']
[1.127s] Level 1:colcon.colcon_core.package_identification:_identify(.) by extension 'colcon_pkg'
[1.127s] Level 1:colcon.colcon_core.package_identification:_identify(.) by extensions ['colcon_meta']
[1.127s] Level 1:colcon.colcon_core.package_identification:_identify(.) by extension 'colcon_meta'
[1.127s] Level 1:colcon.colcon_core.package_identification:_identify(.) by extensions ['ros']
[1.127s] Level 1:colcon.colcon_core.package_identification:_identify(.) by extension 'ros'
[1.136s] Level 1:colcon.colcon_core.package_identification:_identify(.) by extensions ['cmake', 'python']
[1.136s] Level 1:colcon.colcon_core.package_identification:_identify(.) by extension 'cmake'
[1.136s] Level 1:colcon.colcon_core.package_identification:_identify(.) by extension 'python'
[1.136s] Level 1:colcon.colcon_core.package_identification:_identify(.) by extensions ['python_setup_py']
[1.136s] Level 1:colcon.colcon_core.package_identification:_identify(.) by extension 'python_setup_py'
[1.136s] Level 1:colcon.colcon_core.package_identification:_identify(build) by extensions ['ignore', 'ignore_ament_install']
[1.136s] Level 1:colcon.colcon_core.package_identification:_identify(build) by extension 'ignore'
[1.136s] Level 1:colcon.colcon_core.package_identification:_identify(build) ignored
[1.136s] Level 1:colcon.colcon_core.package_identification:_identify(install) by extensions ['ignore', 'ignore_ament_install']
[1.137s] Level 1:colcon.colcon_core.package_identification:_identify(install) by extension 'ignore'
[1.137s] Level 1:colcon.colcon_core.package_identification:_identify(install) ignored
[1.137s] Level 1:colcon.colcon_core.package_identification:_identify(log) by extensions ['ignore', 'ignore_ament_install']
[1.137s] Level 1:colcon.colcon_core.package_identification:_identify(log) by extension 'ignore'
[1.137s] Level 1:colcon.colcon_core.package_identification:_identify(log) ignored
[1.137s] Level 1:colcon.colcon_core.package_identification:_identify(src) by extensions ['ignore', 'ignore_ament_install']
[1.137s] Level 1:colcon.colcon_core.package_identification:_identify(src) by extension 'ignore'
[1.137s] Level 1:colcon.colcon_core.package_identification:_identify(src) by extension 'ignore_ament_install'
[1.137s] Level 1:colcon.colcon_core.package_identification:_identify(src) by extensions ['colcon_pkg']
[1.137s] Level 1:colcon.colcon_core.package_identification:_identify(src) by extension 'colcon_pkg'
[1.137s] Level 1:colcon.colcon_core.package_identification:_identify(src) by extensions ['colcon_meta']
[1.137s] Level 1:colcon.colcon_core.package_identification:_identify(src) by extension 'colcon_meta'
[1.137s] Level 1:colcon.colcon_core.package_identification:_identify(src) by extensions ['ros']
[1.137s] Level 1:colcon.colcon_core.package_identification:_identify(src) by extension 'ros'
[1.137s] Level 1:colcon.colcon_core.package_identification:_identify(src) by extensions ['cmake', 'python']
[1.137s] Level 1:colcon.colcon_core.package_identification:_identify(src) by extension 'cmake'
[1.137s] Level 1:colcon.colcon_core.package_identification:_identify(src) by extension 'python'
[1.138s] Level 1:colcon.colcon_core.package_identification:_identify(src) by extensions ['python_setup_py']
[1.138s] Level 1:colcon.colcon_core.package_identification:_identify(src) by extension 'python_setup_py'
[1.138s] Level 1:colcon.colcon_core.package_identification:_identify(src/hb_task_1b) by extensions ['ignore', 'ignore_ament_install']
[1.138s] Level 1:colcon.colcon_core.package_identification:_identify(src/hb_task_1b) by extension 'ignore'
[1.138s] Level 1:colcon.colcon_core.package_identification:_identify(src/hb_task_1b) by extension 'ignore_ament_install'
[1.138s] Level 1:colcon.colcon_core.package_identification:_identify(src/hb_task_1b) by extensions ['colcon_pkg']
[1.138s] Level 1:colcon.colcon_core.package_identification:_identify(src/hb_task_1b) by extension 'colcon_pkg'
[1.138s] Level 1:colcon.colcon_core.package_identification:_identify(src/hb_task_1b) by extensions ['colcon_meta']
[1.138s] Level 1:colcon.colcon_core.package_identification:_identify(src/hb_task_1b) by extension 'colcon_meta'
[1.138s] Level 1:colcon.colcon_core.package_identification:_identify(src/hb_task_1b) by extensions ['ros']
[1.138s] Level 1:colcon.colcon_core.package_identification:_identify(src/hb_task_1b) by extension 'ros'
[1.140s] DEBUG:colcon.colcon_core.package_identification:Package 'src/hb_task_1b' with type 'ros.ament_python' and name 'hb_task_1b'
[1.140s] Level 1:colcon.colcon_core.package_identification:_identify(src/my_robot_interfaces) by extensions ['ignore', 'ignore_ament_install']
[1.140s] Level 1:colcon.colcon_core.package_identification:_identify(src/my_robot_interfaces) by extension 'ignore'
[1.140s] Level 1:colcon.colcon_core.package_identification:_identify(src/my_robot_interfaces) by extension 'ignore_ament_install'
[1.140s] Level 1:colcon.colcon_core.package_identification:_identify(src/my_robot_interfaces) by extensions ['colcon_pkg']
[1.140s] Level 1:colcon.colcon_core.package_identification:_identify(src/my_robot_interfaces) by extension 'colcon_pkg'
[1.140s] Level 1:colcon.colcon_core.package_identification:_identify(src/my_robot_interfaces) by extensions ['colcon_meta']
[1.140s] Level 1:colcon.colcon_core.package_identification:_identify(src/my_robot_interfaces) by extension 'colcon_meta'
[1.140s] Level 1:colcon.colcon_core.package_identification:_identify(src/my_robot_interfaces) by extensions ['ros']
[1.140s] Level 1:colcon.colcon_core.package_identification:_identify(src/my_robot_interfaces) by extension 'ros'
[1.141s] DEBUG:colcon.colcon_core.package_identification:Package 'src/my_robot_interfaces' with type 'ros.ament_cmake' and name 'my_robot_interfaces'
[1.141s] Level 1:colcon.colcon_core.package_discovery:discover_packages(recursive) using defaults
[1.141s] Level 1:colcon.colcon_core.package_discovery:discover_packages(ignore) discover
[1.141s] Level 1:colcon.colcon_core.package_discovery:discover_packages(ignore) using defaults
[1.141s] Level 1:colcon.colcon_core.package_discovery:discover_packages(path) discover
[1.141s] Level 1:colcon.colcon_core.package_discovery:discover_packages(path) using defaults
[1.238s] Level 1:colcon.colcon_core.package_discovery:discover_packages(prefix_path) check parameters
[1.238s] Level 1:colcon.colcon_core.package_discovery:discover_packages(prefix_path) discover
[1.280s] DEBUG:colcon.colcon_installed_package_information.package_discovery:Found 2 installed packages in /home/adi/eyrc_hb/hb_task1b_ws/install
[1.297s] DEBUG:colcon.colcon_installed_package_information.package_discovery:Found 292 installed packages in /opt/ros/humble
[1.298s] Level 1:colcon.colcon_core.package_discovery:discover_packages(prefix_path) using defaults
[1.385s] Level 5:colcon.colcon_core.verb:set package 'my_robot_interfaces' build argument 'cmake_args' from command line to 'None'
[1.385s] Level 5:colcon.colcon_core.verb:set package 'my_robot_interfaces' build argument 'cmake_target' from command line to 'None'
[1.385s] Level 5:colcon.colcon_core.verb:set package 'my_robot_interfaces' build argument 'cmake_target_skip_unavailable' from command line to 'False'
[1.385s] Level 5:colcon.colcon_core.verb:set package 'my_robot_interfaces' build argument 'cmake_clean_cache' from command line to 'False'
[1.385s] Level 5:colcon.colcon_core.verb:set package 'my_robot_interfaces' build argument 'cmake_clean_first' from command line to 'False'
[1.385s] Level 5:colcon.colcon_core.verb:set package 'my_robot_interfaces' build argument 'cmake_force_configure' from command line to 'False'
[1.385s] Level 5:colcon.colcon_core.verb:set package 'my_robot_interfaces' build argument 'ament_cmake_args' from command line to 'None'
[1.385s] Level 5:colcon.colcon_core.verb:set package 'my_robot_interfaces' build argument 'catkin_cmake_args' from command line to 'None'
[1.385s] Level 5:colcon.colcon_core.verb:set package 'my_robot_interfaces' build argument 'catkin_skip_building_tests' from command line to 'False'
[1.385s] DEBUG:colcon.colcon_core.verb:Building package 'my_robot_interfaces' with the following arguments: {'ament_cmake_args': None, 'build_base': '/home/adi/eyrc_hb/hb_task1b_ws/build/my_robot_interfaces', 'catkin_cmake_args': None, 'catkin_skip_building_tests': False, 'cmake_args': None, 'cmake_clean_cache': False, 'cmake_clean_first': False, 'cmake_force_configure': False, 'cmake_target': None, 'cmake_target_skip_unavailable': False, 'install_base': '/home/adi/eyrc_hb/hb_task1b_ws/install/my_robot_interfaces', 'merge_install': False, 'path': '/home/adi/eyrc_hb/hb_task1b_ws/src/my_robot_interfaces', 'symlink_install': False, 'test_result_base': None}
[1.402s] Level 5:colcon.colcon_core.verb:set package 'hb_task_1b' build argument 'cmake_args' from command line to 'None'
[1.402s] Level 5:colcon.colcon_core.verb:set package 'hb_task_1b' build argument 'cmake_target' from command line to 'None'
[1.402s] Level 5:colcon.colcon_core.verb:set package 'hb_task_1b' build argument 'cmake_target_skip_unavailable' from command line to 'False'
[1.402s] Level 5:colcon.colcon_core.verb:set package 'hb_task_1b' build argument 'cmake_clean_cache' from command line to 'False'
[1.402s] Level 5:colcon.colcon_core.verb:set package 'hb_task_1b' build argument 'cmake_clean_first' from command line to 'False'
[1.402s] Level 5:colcon.colcon_core.verb:set package 'hb_task_1b' build argument 'cmake_force_configure' from command line to 'False'
[1.402s] Level 5:colcon.colcon_core.verb:set package 'hb_task_1b' build argument 'ament_cmake_args' from command line to 'None'
[1.402s] Level 5:colcon.colcon_core.verb:set package 'hb_task_1b' build argument 'catkin_cmake_args' from command line to 'None'
[1.402s] Level 5:colcon.colcon_core.verb:set package 'hb_task_1b' build argument 'catkin_skip_building_tests' from command line to 'False'
[1.402s] DEBUG:colcon.colcon_core.verb:Building package 'hb_task_1b' with the following arguments: {'ament_cmake_args': None, 'build_base': '/home/adi/eyrc_hb/hb_task1b_ws/build/hb_task_1b', 'catkin_cmake_args': None, 'catkin_skip_building_tests': False, 'cmake_args': None, 'cmake_clean_cache': False, 'cmake_clean_first': False, 'cmake_force_configure': False, 'cmake_target': None, 'cmake_target_skip_unavailable': False, 'install_base': '/home/adi/eyrc_hb/hb_task1b_ws/install/hb_task_1b', 'merge_install': False, 'path': '/home/adi/eyrc_hb/hb_task1b_ws/src/hb_task_1b', 'symlink_install': False, 'test_result_base': None}
[1.418s] INFO:colcon.colcon_core.executor:Executing jobs using 'parallel' executor
[1.435s] DEBUG:colcon.colcon_parallel_executor.executor.parallel:run_until_complete
[1.435s] INFO:colcon.colcon_ros.task.ament_cmake.build:Building ROS package in '/home/adi/eyrc_hb/hb_task1b_ws/src/my_robot_interfaces' with build type 'ament_cmake'
[1.435s] INFO:colcon.colcon_cmake.task.cmake.build:Building CMake package in '/home/adi/eyrc_hb/hb_task1b_ws/src/my_robot_interfaces'
[1.452s] INFO:colcon.colcon_core.plugin_system:Skipping extension 'colcon_core.shell.bat': Not used on non-Windows systems
[1.453s] INFO:colcon.colcon_core.shell:Skip shell extension 'powershell' for command environment: Not usable outside of PowerShell
[1.453s] DEBUG:colcon.colcon_core.shell:Skip shell extension 'dsv' for command environment
[1.509s] DEBUG:colcon.colcon_core.event_handler.log_command:Invoking command in '/home/adi/eyrc_hb/hb_task1b_ws/build/my_robot_interfaces': CMAKE_PREFIX_PATH=${CMAKE_PREFIX_PATH}:/home/adi/eyrc_hb/hb_task1b_ws/install/hb_task_1b:/opt/ros/humble /usr/bin/cmake --build /home/adi/eyrc_hb/hb_task1b_ws/build/my_robot_interfaces -- -j8 -l8
[1.853s] DEBUG:colcon.colcon_core.event_handler.log_command:Invoked command in '/home/adi/eyrc_hb/hb_task1b_ws/build/my_robot_interfaces' returned '0': CMAKE_PREFIX_PATH=${CMAKE_PREFIX_PATH}:/home/adi/eyrc_hb/hb_task1b_ws/install/hb_task_1b:/opt/ros/humble /usr/bin/cmake --build /home/adi/eyrc_hb/hb_task1b_ws/build/my_robot_interfaces -- -j8 -l8
[1.898s] DEBUG:colcon.colcon_core.event_handler.log_command:Invoking command in '/home/adi/eyrc_hb/hb_task1b_ws/build/my_robot_interfaces': CMAKE_PREFIX_PATH=${CMAKE_PREFIX_PATH}:/home/adi/eyrc_hb/hb_task1b_ws/install/hb_task_1b:/opt/ros/humble /usr/bin/cmake --install /home/adi/eyrc_hb/hb_task1b_ws/build/my_robot_interfaces
[1.943s] Level 1:colcon.colcon_core.environment:create_environment_scripts_only(my_robot_interfaces)
[1.944s] DEBUG:colcon.colcon_core.event_handler.log_command:Invoked command in '/home/adi/eyrc_hb/hb_task1b_ws/build/my_robot_interfaces' returned '0': CMAKE_PREFIX_PATH=${CMAKE_PREFIX_PATH}:/home/adi/eyrc_hb/hb_task1b_ws/install/hb_task_1b:/opt/ros/humble /usr/bin/cmake --install /home/adi/eyrc_hb/hb_task1b_ws/build/my_robot_interfaces
[1.962s] Level 1:colcon.colcon_core.environment:checking '/home/adi/eyrc_hb/hb_task1b_ws/install/my_robot_interfaces' for CMake module files
[1.962s] Level 1:colcon.colcon_core.environment:checking '/home/adi/eyrc_hb/hb_task1b_ws/install/my_robot_interfaces' for CMake config files
[1.963s] Level 1:colcon.colcon_core.shell:create_environment_hook('my_robot_interfaces', 'cmake_prefix_path')
[1.980s] INFO:colcon.colcon_core.shell:Creating environment hook '/home/adi/eyrc_hb/hb_task1b_ws/install/my_robot_interfaces/share/my_robot_interfaces/hook/cmake_prefix_path.ps1'
[1.980s] INFO:colcon.colcon_core.shell:Creating environment descriptor '/home/adi/eyrc_hb/hb_task1b_ws/install/my_robot_interfaces/share/my_robot_interfaces/hook/cmake_prefix_path.dsv'
[1.981s] INFO:colcon.colcon_core.shell:Creating environment hook '/home/adi/eyrc_hb/hb_task1b_ws/install/my_robot_interfaces/share/my_robot_interfaces/hook/cmake_prefix_path.sh'
[1.981s] Level 1:colcon.colcon_core.environment:checking '/home/adi/eyrc_hb/hb_task1b_ws/install/my_robot_interfaces/lib'
[1.981s] Level 1:colcon.colcon_core.shell:create_environment_hook('my_robot_interfaces', 'ld_library_path_lib')
[1.998s] INFO:colcon.colcon_core.shell:Creating environment hook '/home/adi/eyrc_hb/hb_task1b_ws/install/my_robot_interfaces/share/my_robot_interfaces/hook/ld_library_path_lib.ps1'
[1.998s] INFO:colcon.colcon_core.shell:Creating environment descriptor '/home/adi/eyrc_hb/hb_task1b_ws/install/my_robot_interfaces/share/my_robot_interfaces/hook/ld_library_path_lib.dsv'
[1.999s] INFO:colcon.colcon_core.shell:Creating environment hook '/home/adi/eyrc_hb/hb_task1b_ws/install/my_robot_interfaces/share/my_robot_interfaces/hook/ld_library_path_lib.sh'
[1.999s] Level 1:colcon.colcon_core.environment:checking '/home/adi/eyrc_hb/hb_task1b_ws/install/my_robot_interfaces/bin'
[1.999s] Level 1:colcon.colcon_core.environment:checking '/home/adi/eyrc_hb/hb_task1b_ws/install/my_robot_interfaces/lib/pkgconfig/my_robot_interfaces.pc'
[1.999s] Level 1:colcon.colcon_core.environment:checking '/home/adi/eyrc_hb/hb_task1b_ws/install/my_robot_interfaces/lib/python3.10/site-packages'
[1.999s] Level 1:colcon.colcon_core.environment:checking '/home/adi/eyrc_hb/hb_task1b_ws/install/my_robot_interfaces/bin'
[2.016s] INFO:colcon.colcon_core.shell:Creating package script '/home/adi/eyrc_hb/hb_task1b_ws/install/my_robot_interfaces/share/my_robot_interfaces/package.ps1'
[2.017s] INFO:colcon.colcon_core.shell:Creating package descriptor '/home/adi/eyrc_hb/hb_task1b_ws/install/my_robot_interfaces/share/my_robot_interfaces/package.dsv'
[2.017s] INFO:colcon.colcon_core.shell:Creating package script '/home/adi/eyrc_hb/hb_task1b_ws/install/my_robot_interfaces/share/my_robot_interfaces/package.sh'
[2.018s] INFO:colcon.colcon_core.shell:Creating package script '/home/adi/eyrc_hb/hb_task1b_ws/install/my_robot_interfaces/share/my_robot_interfaces/package.bash'
[2.019s] INFO:colcon.colcon_core.shell:Creating package script '/home/adi/eyrc_hb/hb_task1b_ws/install/my_robot_interfaces/share/my_robot_interfaces/package.zsh'
[2.019s] Level 1:colcon.colcon_core.environment:create_file_with_runtime_dependencies(/home/adi/eyrc_hb/hb_task1b_ws/install/my_robot_interfaces/share/colcon-core/packages/my_robot_interfaces)
[2.071s] Level 1:colcon.colcon_core.environment:create_environment_scripts_only(my_robot_interfaces)
[2.089s] Level 1:colcon.colcon_core.environment:checking '/home/adi/eyrc_hb/hb_task1b_ws/install/my_robot_interfaces' for CMake module files
[2.089s] Level 1:colcon.colcon_core.environment:checking '/home/adi/eyrc_hb/hb_task1b_ws/install/my_robot_interfaces' for CMake config files
[2.090s] Level 1:colcon.colcon_core.shell:create_environment_hook('my_robot_interfaces', 'cmake_prefix_path')
[2.106s] INFO:colcon.colcon_core.shell:Creating environment hook '/home/adi/eyrc_hb/hb_task1b_ws/install/my_robot_interfaces/share/my_robot_interfaces/hook/cmake_prefix_path.ps1'
[2.107s] INFO:colcon.colcon_core.shell:Creating environment descriptor '/home/adi/eyrc_hb/hb_task1b_ws/install/my_robot_interfaces/share/my_robot_interfaces/hook/cmake_prefix_path.dsv'
[2.107s] INFO:colcon.colcon_core.shell:Creating environment hook '/home/adi/eyrc_hb/hb_task1b_ws/install/my_robot_interfaces/share/my_robot_interfaces/hook/cmake_prefix_path.sh'
[2.107s] Level 1:colcon.colcon_core.environment:checking '/home/adi/eyrc_hb/hb_task1b_ws/install/my_robot_interfaces/lib'
[2.107s] Level 1:colcon.colcon_core.shell:create_environment_hook('my_robot_interfaces', 'ld_library_path_lib')
[2.124s] INFO:colcon.colcon_core.shell:Creating environment hook '/home/adi/eyrc_hb/hb_task1b_ws/install/my_robot_interfaces/share/my_robot_interfaces/hook/ld_library_path_lib.ps1'
[2.125s] INFO:colcon.colcon_core.shell:Creating environment descriptor '/home/adi/eyrc_hb/hb_task1b_ws/install/my_robot_interfaces/share/my_robot_interfaces/hook/ld_library_path_lib.dsv'
[2.125s] INFO:colcon.colcon_core.shell:Creating environment hook '/home/adi/eyrc_hb/hb_task1b_ws/install/my_robot_interfaces/share/my_robot_interfaces/hook/ld_library_path_lib.sh'
[2.125s] Level 1:colcon.colcon_core.environment:checking '/home/adi/eyrc_hb/hb_task1b_ws/install/my_robot_interfaces/bin'
[2.125s] Level 1:colcon.colcon_core.environment:checking '/home/adi/eyrc_hb/hb_task1b_ws/install/my_robot_interfaces/lib/pkgconfig/my_robot_interfaces.pc'
[2.125s] Level 1:colcon.colcon_core.environment:checking '/home/adi/eyrc_hb/hb_task1b_ws/install/my_robot_interfaces/lib/python3.10/site-packages'
[2.126s] Level 1:colcon.colcon_core.environment:checking '/home/adi/eyrc_hb/hb_task1b_ws/install/my_robot_interfaces/bin'
[2.143s] INFO:colcon.colcon_core.shell:Creating package script '/home/adi/eyrc_hb/hb_task1b_ws/install/my_robot_interfaces/share/my_robot_interfaces/package.ps1'
[2.143s] INFO:colcon.colcon_core.shell:Creating package descriptor '/home/adi/eyrc_hb/hb_task1b_ws/install/my_robot_interfaces/share/my_robot_interfaces/package.dsv'
[2.144s] INFO:colcon.colcon_core.shell:Creating package script '/home/adi/eyrc_hb/hb_task1b_ws/install/my_robot_interfaces/share/my_robot_interfaces/package.sh'
[2.144s] INFO:colcon.colcon_core.shell:Creating package script '/home/adi/eyrc_hb/hb_task1b_ws/install/my_robot_interfaces/share/my_robot_interfaces/package.bash'
[2.144s] INFO:colcon.colcon_core.shell:Creating package script '/home/adi/eyrc_hb/hb_task1b_ws/install/my_robot_interfaces/share/my_robot_interfaces/package.zsh'
[2.144s] Level 1:colcon.colcon_core.environment:create_file_with_runtime_dependencies(/home/adi/eyrc_hb/hb_task1b_ws/install/my_robot_interfaces/share/colcon-core/packages/my_robot_interfaces)
[2.145s] INFO:colcon.colcon_ros.task.ament_python.build:Building ROS package in '/home/adi/eyrc_hb/hb_task1b_ws/src/hb_task_1b' with build type 'ament_python'
[2.145s] Level 1:colcon.colcon_core.shell:create_environment_hook('hb_task_1b', 'ament_prefix_path')
[2.163s] INFO:colcon.colcon_core.shell:Creating environment hook '/home/adi/eyrc_hb/hb_task1b_ws/install/hb_task_1b/share/hb_task_1b/hook/ament_prefix_path.ps1'
[2.163s] INFO:colcon.colcon_core.shell:Creating environment descriptor '/home/adi/eyrc_hb/hb_task1b_ws/install/hb_task_1b/share/hb_task_1b/hook/ament_prefix_path.dsv'
[2.163s] INFO:colcon.colcon_core.shell:Creating environment hook '/home/adi/eyrc_hb/hb_task1b_ws/install/hb_task_1b/share/hb_task_1b/hook/ament_prefix_path.sh'
[2.181s] INFO:colcon.colcon_core.shell:Skip shell extension 'powershell' for command environment: Not usable outside of PowerShell
[2.181s] DEBUG:colcon.colcon_core.shell:Skip shell extension 'dsv' for command environment
[2.501s] INFO:colcon.colcon_core.task.python.build:Building Python package in '/home/adi/eyrc_hb/hb_task1b_ws/src/hb_task_1b'
[2.517s] INFO:colcon.colcon_core.shell:Skip shell extension 'powershell' for command environment: Not usable outside of PowerShell
[2.517s] DEBUG:colcon.colcon_core.shell:Skip shell extension 'dsv' for command environment
[2.912s] DEBUG:colcon.colcon_core.event_handler.log_command:Invoking command in '/home/adi/eyrc_hb/hb_task1b_ws/src/hb_task_1b': PYTHONPATH=/home/adi/eyrc_hb/hb_task1b_ws/build/hb_task_1b/prefix_override:/home/adi/eyrc_hb/hb_task1b_ws/install/hb_task_1b/lib/python3.10/site-packages:${PYTHONPATH} /usr/bin/python3 setup.py egg_info --egg-base ../../build/hb_task_1b build --build-base /home/adi/eyrc_hb/hb_task1b_ws/build/hb_task_1b/build install --record /home/adi/eyrc_hb/hb_task1b_ws/build/hb_task_1b/install.log --single-version-externally-managed
[3.205s] DEBUG:colcon.colcon_core.event_handler.log_command:Invoked command in '/home/adi/eyrc_hb/hb_task1b_ws/src/hb_task_1b' returned '0': PYTHONPATH=/home/adi/eyrc_hb/hb_task1b_ws/build/hb_task_1b/prefix_override:/home/adi/eyrc_hb/hb_task1b_ws/install/hb_task_1b/lib/python3.10/site-packages:${PYTHONPATH} /usr/bin/python3 setup.py egg_info --egg-base ../../build/hb_task_1b build --build-base /home/adi/eyrc_hb/hb_task1b_ws/build/hb_task_1b/build install --record /home/adi/eyrc_hb/hb_task1b_ws/build/hb_task_1b/install.log --single-version-externally-managed
[3.222s] Level 1:colcon.colcon_core.environment:checking '/home/adi/eyrc_hb/hb_task1b_ws/install/hb_task_1b' for CMake module files
[3.222s] Level 1:colcon.colcon_core.environment:checking '/home/adi/eyrc_hb/hb_task1b_ws/install/hb_task_1b' for CMake config files
[3.222s] Level 1:colcon.colcon_core.environment:checking '/home/adi/eyrc_hb/hb_task1b_ws/install/hb_task_1b/lib'
[3.223s] Level 1:colcon.colcon_core.environment:checking '/home/adi/eyrc_hb/hb_task1b_ws/install/hb_task_1b/bin'
[3.223s] Level 1:colcon.colcon_core.environment:checking '/home/adi/eyrc_hb/hb_task1b_ws/install/hb_task_1b/lib/pkgconfig/hb_task_1b.pc'
[3.223s] Level 1:colcon.colcon_core.environment:checking '/home/adi/eyrc_hb/hb_task1b_ws/install/hb_task_1b/lib/python3.10/site-packages'
[3.223s] Level 1:colcon.colcon_core.shell:create_environment_hook('hb_task_1b', 'pythonpath')
[3.240s] INFO:colcon.colcon_core.shell:Creating environment hook '/home/adi/eyrc_hb/hb_task1b_ws/install/hb_task_1b/share/hb_task_1b/hook/pythonpath.ps1'
[3.240s] INFO:colcon.colcon_core.shell:Creating environment descriptor '/home/adi/eyrc_hb/hb_task1b_ws/install/hb_task_1b/share/hb_task_1b/hook/pythonpath.dsv'
[3.240s] INFO:colcon.colcon_core.shell:Creating environment hook '/home/adi/eyrc_hb/hb_task1b_ws/install/hb_task_1b/share/hb_task_1b/hook/pythonpath.sh'
[3.241s] Level 1:colcon.colcon_core.environment:checking '/home/adi/eyrc_hb/hb_task1b_ws/install/hb_task_1b/bin'
[3.241s] Level 1:colcon.colcon_core.environment:create_environment_scripts_only(hb_task_1b)
[3.258s] INFO:colcon.colcon_core.shell:Creating package script '/home/adi/eyrc_hb/hb_task1b_ws/install/hb_task_1b/share/hb_task_1b/package.ps1'
[3.258s] INFO:colcon.colcon_core.shell:Creating package descriptor '/home/adi/eyrc_hb/hb_task1b_ws/install/hb_task_1b/share/hb_task_1b/package.dsv'
[3.258s] INFO:colcon.colcon_core.shell:Creating package script '/home/adi/eyrc_hb/hb_task1b_ws/install/hb_task_1b/share/hb_task_1b/package.sh'
[3.259s] INFO:colcon.colcon_core.shell:Creating package script '/home/adi/eyrc_hb/hb_task1b_ws/install/hb_task_1b/share/hb_task_1b/package.bash'
[3.259s] INFO:colcon.colcon_core.shell:Creating package script '/home/adi/eyrc_hb/hb_task1b_ws/install/hb_task_1b/share/hb_task_1b/package.zsh'
[3.259s] Level 1:colcon.colcon_core.environment:create_file_with_runtime_dependencies(/home/adi/eyrc_hb/hb_task1b_ws/install/hb_task_1b/share/colcon-core/packages/hb_task_1b)
[3.259s] DEBUG:colcon.colcon_parallel_executor.executor.parallel:closing loop
[3.260s] DEBUG:colcon.colcon_parallel_executor.executor.parallel:loop closed
[3.260s] DEBUG:colcon.colcon_parallel_executor.executor.parallel:run_until_complete finished with '0'
[3.260s] DEBUG:colcon.colcon_core.event_reactor:joining thread
[3.295s] INFO:colcon.colcon_core.plugin_system:Skipping extension 'colcon_notification.desktop_notification.terminal_notifier': Not used on non-Darwin systems
[3.295s] INFO:colcon.colcon_core.plugin_system:Skipping extension 'colcon_notification.desktop_notification.win32': Not used on non-Windows systems
[3.295s] INFO:colcon.colcon_notification.desktop_notification:Sending desktop notification using 'notify2'
[3.304s] DEBUG:colcon.colcon_core.event_reactor:joined thread
[3.322s] INFO:colcon.colcon_core.shell:Creating prefix script '/home/adi/eyrc_hb/hb_task1b_ws/install/local_setup.ps1'
[3.322s] INFO:colcon.colcon_core.shell:Creating prefix util module '/home/adi/eyrc_hb/hb_task1b_ws/install/_local_setup_util_ps1.py'
[3.324s] INFO:colcon.colcon_core.shell:Creating prefix chain script '/home/adi/eyrc_hb/hb_task1b_ws/install/setup.ps1'
[3.341s] INFO:colcon.colcon_core.shell:Creating prefix script '/home/adi/eyrc_hb/hb_task1b_ws/install/local_setup.sh'
[3.342s] INFO:colcon.colcon_core.shell:Creating prefix util module '/home/adi/eyrc_hb/hb_task1b_ws/install/_local_setup_util_sh.py'
[3.342s] INFO:colcon.colcon_core.shell:Creating prefix chain script '/home/adi/eyrc_hb/hb_task1b_ws/install/setup.sh'
[3.360s] INFO:colcon.colcon_core.shell:Creating prefix script '/home/adi/eyrc_hb/hb_task1b_ws/install/local_setup.bash'
[3.360s] INFO:colcon.colcon_core.shell:Creating prefix chain script '/home/adi/eyrc_hb/hb_task1b_ws/install/setup.bash'
[3.378s] INFO:colcon.colcon_core.shell:Creating prefix script '/home/adi/eyrc_hb/hb_task1b_ws/install/local_setup.zsh'
[3.379s] INFO:colcon.colcon_core.shell:Creating prefix chain script '/home/adi/eyrc_hb/hb_task1b_ws/install/setup.zsh'
