[0.847s] Invoking command in '/home/adi/eyrc_hb/hb_task1b_ws/src/hb_task_1b': PYTHONPATH=/home/adi/eyrc_hb/hb_task1b_ws/build/hb_task_1b/prefix_override:/home/adi/eyrc_hb/hb_task1b_ws/install/hb_task_1b/lib/python3.10/site-packages:${PYTHONPATH} /usr/bin/python3 setup.py egg_info --egg-base ../../build/hb_task_1b build --build-base /home/adi/eyrc_hb/hb_task1b_ws/build/hb_task_1b/build install --record /home/adi/eyrc_hb/hb_task1b_ws/build/hb_task_1b/install.log --single-version-externally-managed
[1.091s] running egg_info
[1.092s] writing ../../build/hb_task_1b/hb_task_1b.egg-info/PKG-INFO
[1.092s] writing dependency_links to ../../build/hb_task_1b/hb_task_1b.egg-info/dependency_links.txt
[1.092s] writing entry points to ../../build/hb_task_1b/hb_task_1b.egg-info/entry_points.txt
[1.092s] writing requirements to ../../build/hb_task_1b/hb_task_1b.egg-info/requires.txt
[1.092s] writing top-level names to ../../build/hb_task_1b/hb_task_1b.egg-info/top_level.txt
[1.094s] reading manifest file '../../build/hb_task_1b/hb_task_1b.egg-info/SOURCES.txt'
[1.094s] writing manifest file '../../build/hb_task_1b/hb_task_1b.egg-info/SOURCES.txt'
[1.094s] running build
[1.095s] running build_py
[1.095s] running install
[1.095s] running install_lib
[1.096s] running install_data
[1.097s] copying launch/gazebo.launch.py -> /home/adi/eyrc_hb/hb_task1b_ws/install/hb_task_1b/share/hb_task_1b/launch
[1.097s] copying urdf/hb_bot.urdf.xacro -> /home/adi/eyrc_hb/hb_task1b_ws/install/hb_task_1b/share/hb_task_1b/urdf
[1.097s] running install_egg_info
[1.099s] removing '/home/adi/eyrc_hb/hb_task1b_ws/install/hb_task_1b/lib/python3.10/site-packages/hb_task_1b-0.0.0-py3.10.egg-info' (and everything under it)
[1.100s] Copying ../../build/hb_task_1b/hb_task_1b.egg-info to /home/adi/eyrc_hb/hb_task1b_ws/install/hb_task_1b/lib/python3.10/site-packages/hb_task_1b-0.0.0-py3.10.egg-info
[1.101s] running install_scripts
[1.119s] Installing service_node script to /home/adi/eyrc_hb/hb_task1b_ws/install/hb_task_1b/lib/hb_task_1b
[1.119s] writing list of installed files to '/home/adi/eyrc_hb/hb_task1b_ws/build/hb_task_1b/install.log'
[1.141s] Invoked command in '/home/adi/eyrc_hb/hb_task1b_ws/src/hb_task_1b' returned '0': PYTHONPATH=/home/adi/eyrc_hb/hb_task1b_ws/build/hb_task_1b/prefix_override:/home/adi/eyrc_hb/hb_task1b_ws/install/hb_task_1b/lib/python3.10/site-packages:${PYTHONPATH} /usr/bin/python3 setup.py egg_info --egg-base ../../build/hb_task_1b build --build-base /home/adi/eyrc_hb/hb_task1b_ws/build/hb_task_1b/build install --record /home/adi/eyrc_hb/hb_task1b_ws/build/hb_task_1b/install.log --single-version-externally-managed
