[0.782s] Invoking command in '/home/adi/eyrc_hb/hb_task1b_ws/src/hb_task_1b': PYTHONPATH=/home/adi/eyrc_hb/hb_task1b_ws/build/hb_task_1b/prefix_override:/home/adi/eyrc_hb/hb_task1b_ws/install/hb_task_1b/lib/python3.10/site-packages:${PYTHONPATH} /usr/bin/python3 setup.py egg_info --egg-base ../../build/hb_task_1b build --build-base /home/adi/eyrc_hb/hb_task1b_ws/build/hb_task_1b/build install --record /home/adi/eyrc_hb/hb_task1b_ws/build/hb_task_1b/install.log --single-version-externally-managed
[1.029s] running egg_info
[1.029s] writing ../../build/hb_task_1b/hb_task_1b.egg-info/PKG-INFO
[1.030s] writing dependency_links to ../../build/hb_task_1b/hb_task_1b.egg-info/dependency_links.txt
[1.030s] writing entry points to ../../build/hb_task_1b/hb_task_1b.egg-info/entry_points.txt
[1.030s] writing requirements to ../../build/hb_task_1b/hb_task_1b.egg-info/requires.txt
[1.030s] writing top-level names to ../../build/hb_task_1b/hb_task_1b.egg-info/top_level.txt
[1.031s] reading manifest file '../../build/hb_task_1b/hb_task_1b.egg-info/SOURCES.txt'
[1.032s] writing manifest file '../../build/hb_task_1b/hb_task_1b.egg-info/SOURCES.txt'
[1.032s] running build
[1.032s] running build_py
[1.033s] running install
[1.033s] running install_lib
[1.034s] running install_data
[1.034s] copying launch/hb_task1b.launch.py -> /home/adi/eyrc_hb/hb_task1b_ws/install/hb_task_1b/share/hb_task_1b/launch
[1.034s] running install_egg_info
[1.036s] removing '/home/adi/eyrc_hb/hb_task1b_ws/install/hb_task_1b/lib/python3.10/site-packages/hb_task_1b-0.0.0-py3.10.egg-info' (and everything under it)
[1.036s] Copying ../../build/hb_task_1b/hb_task_1b.egg-info to /home/adi/eyrc_hb/hb_task1b_ws/install/hb_task_1b/lib/python3.10/site-packages/hb_task_1b-0.0.0-py3.10.egg-info
[1.037s] running install_scripts
[1.055s] Traceback (most recent call last):
[1.055s]   File "/home/adi/eyrc_hb/hb_task1b_ws/src/hb_task_1b/setup.py", line 7, in <module>
[1.055s]     setup(
[1.055s]   File "/home/adi/.local/lib/python3.10/site-packages/setuptools/__init__.py", line 153, in setup
[1.055s]     return distutils.core.setup(**attrs)
[1.056s]   File "/usr/lib/python3.10/distutils/core.py", line 148, in setup
[1.056s]     dist.run_commands()
[1.056s]   File "/usr/lib/python3.10/distutils/dist.py", line 966, in run_commands
[1.056s]     self.run_command(cmd)
[1.056s]   File "/usr/lib/python3.10/distutils/dist.py", line 985, in run_command
[1.056s]     cmd_obj.run()
[1.056s]   File "/home/adi/.local/lib/python3.10/site-packages/setuptools/command/install.py", line 61, in run
[1.056s]     return orig.install.run(self)
[1.056s]   File "/usr/lib/python3.10/distutils/command/install.py", line 631, in run
[1.056s]     self.run_command(cmd_name)
[1.056s]   File "/usr/lib/python3.10/distutils/cmd.py", line 313, in run_command
[1.057s]     self.distribution.run_command(command)
[1.057s]   File "/usr/lib/python3.10/distutils/dist.py", line 985, in run_command
[1.057s]     cmd_obj.run()
[1.057s]   File "/home/adi/.local/lib/python3.10/site-packages/setuptools/command/install_scripts.py", line 52, in run
[1.057s]     for args in writer.get_args(dist, cmd.as_header()):
[1.057s]   File "/home/adi/.local/lib/python3.10/site-packages/setuptools/command/easy_install.py", line 2111, in get_args
[1.058s]     cls._ensure_safe_name(name)
[1.058s]   File "/home/adi/.local/lib/python3.10/site-packages/setuptools/command/easy_install.py", line 2124, in _ensure_safe_name
[1.058s]     raise ValueError("Path separators not allowed in script names")
[1.058s] ValueError: Path separators not allowed in script names
[1.081s] Invoked command in '/home/adi/eyrc_hb/hb_task1b_ws/src/hb_task_1b' returned '1': PYTHONPATH=/home/adi/eyrc_hb/hb_task1b_ws/build/hb_task_1b/prefix_override:/home/adi/eyrc_hb/hb_task1b_ws/install/hb_task_1b/lib/python3.10/site-packages:${PYTHONPATH} /usr/bin/python3 setup.py egg_info --egg-base ../../build/hb_task_1b build --build-base /home/adi/eyrc_hb/hb_task1b_ws/build/hb_task_1b/build install --record /home/adi/eyrc_hb/hb_task1b_ws/build/hb_task_1b/install.log --single-version-externally-managed
