[0.767s] Invoking command in '/home/adi/eyrc_hb/hb_task1b_ws/src/hb_task_1b': PYTHONPATH=/home/adi/eyrc_hb/hb_task1b_ws/build/hb_task_1b/prefix_override:/home/adi/eyrc_hb/hb_task1b_ws/install/hb_task_1b/lib/python3.10/site-packages:${PYTHONPATH} /usr/bin/python3 setup.py egg_info --egg-base ../../build/hb_task_1b build --build-base /home/adi/eyrc_hb/hb_task1b_ws/build/hb_task_1b/build install --record /home/adi/eyrc_hb/hb_task1b_ws/build/hb_task_1b/install.log --single-version-externally-managed
[1.017s] running egg_info
[1.018s] writing ../../build/hb_task_1b/hb_task_1b.egg-info/PKG-INFO
[1.018s] writing dependency_links to ../../build/hb_task_1b/hb_task_1b.egg-info/dependency_links.txt
[1.018s] writing entry points to ../../build/hb_task_1b/hb_task_1b.egg-info/entry_points.txt
[1.018s] writing requirements to ../../build/hb_task_1b/hb_task_1b.egg-info/requires.txt
[1.018s] writing top-level names to ../../build/hb_task_1b/hb_task_1b.egg-info/top_level.txt
[1.020s] reading manifest file '../../build/hb_task_1b/hb_task_1b.egg-info/SOURCES.txt'
[1.021s] writing manifest file '../../build/hb_task_1b/hb_task_1b.egg-info/SOURCES.txt'
[1.021s] running build
[1.021s] running build_py
[1.021s] copying hb_task_1b/service_node.py -> /home/adi/eyrc_hb/hb_task1b_ws/build/hb_task_1b/build/lib/hb_task_1b
[1.021s] running install
[1.022s] running install_lib
[1.023s] copying /home/adi/eyrc_hb/hb_task1b_ws/build/hb_task_1b/build/lib/hb_task_1b/service_node.py -> /home/adi/eyrc_hb/hb_task1b_ws/install/hb_task_1b/lib/python3.10/site-packages/hb_task_1b
[1.023s] byte-compiling /home/adi/eyrc_hb/hb_task1b_ws/install/hb_task_1b/lib/python3.10/site-packages/hb_task_1b/service_node.py to service_node.cpython-310.pyc
[1.024s] running install_data
[1.025s] running install_egg_info
[1.026s] removing '/home/adi/eyrc_hb/hb_task1b_ws/install/hb_task_1b/lib/python3.10/site-packages/hb_task_1b-0.0.0-py3.10.egg-info' (and everything under it)
[1.027s] Copying ../../build/hb_task_1b/hb_task_1b.egg-info to /home/adi/eyrc_hb/hb_task1b_ws/install/hb_task_1b/lib/python3.10/site-packages/hb_task_1b-0.0.0-py3.10.egg-info
[1.027s] running install_scripts
[1.043s] Installing service_node script to /home/adi/eyrc_hb/hb_task1b_ws/install/hb_task_1b/lib/hb_task_1b
[1.044s] writing list of installed files to '/home/adi/eyrc_hb/hb_task1b_ws/build/hb_task_1b/install.log'
[1.067s] Invoked command in '/home/adi/eyrc_hb/hb_task1b_ws/src/hb_task_1b' returned '0': PYTHONPATH=/home/adi/eyrc_hb/hb_task1b_ws/build/hb_task_1b/prefix_override:/home/adi/eyrc_hb/hb_task1b_ws/install/hb_task_1b/lib/python3.10/site-packages:${PYTHONPATH} /usr/bin/python3 setup.py egg_info --egg-base ../../build/hb_task_1b build --build-base /home/adi/eyrc_hb/hb_task1b_ws/build/hb_task_1b/build install --record /home/adi/eyrc_hb/hb_task1b_ws/build/hb_task_1b/install.log --single-version-externally-managed
