[1.131s] DEBUG:colcon:Command line arguments: ['/usr/bin/colcon', 'build']
[1.131s] DEBUG:colcon:Parsed command line arguments: Namespace(log_base=None, log_level=None, verb_name='build', build_base='build', install_base='install', merge_install=False, symlink_install=False, test_result_base=None, continue_on_error=False, executor='parallel', parallel_workers=8, event_handlers=None, ignore_user_meta=False, metas=['./colcon.meta'], base_paths=['.'], packages_ignore=None, packages_ignore_regex=None, paths=None, packages_up_to=None, packages_up_to_regex=None, packages_above=None, packages_above_and_dependencies=None, packages_above_depth=None, packages_select_by_dep=None, packages_skip_by_dep=None, packages_skip_up_to=None, packages_select_build_failed=False, packages_skip_build_finished=False, packages_select_test_failures=False, packages_skip_test_passed=False, packages_select=None, packages_skip=None, packages_select_regex=None, packages_skip_regex=None, packages_start=None, packages_end=None, allow_overriding=[], cmake_args=None, cmake_target=None, cmake_target_skip_unavailable=False, cmake_clean_cache=False, cmake_clean_first=False, cmake_force_configure=False, ament_cmake_args=None, catkin_cmake_args=None, catkin_skip_building_tests=False, verb_parser=<colcon_defaults.argument_parser.defaults.DefaultArgumentsDecorator object at 0x7fad68dc3520>, verb_extension=<colcon_core.verb.build.BuildVerb object at 0x7fad68dc2710>, main=<bound method BuildVerb.main of <colcon_core.verb.build.BuildVerb object at 0x7fad68dc2710>>)
[1.179s] Level 1:colcon.colcon_core.package_discovery:discover_packages(colcon_meta) check parameters
[1.179s] Level 1:colcon.colcon_core.package_discovery:discover_packages(recursive) check parameters
[1.179s] Level 1:colcon.colcon_core.package_discovery:discover_packages(ignore) check parameters
[1.179s] Level 1:colcon.colcon_core.package_discovery:discover_packages(path) check parameters
[1.179s] Level 1:colcon.colcon_core.package_discovery:discover_packages(colcon_meta) discover
[1.179s] Level 1:colcon.colcon_core.package_discovery:discover_packages(recursive) discover
[1.179s] INFO:colcon.colcon_core.package_discovery:Crawling recursively for packages in '/home/adi/eyrc_hb/hb_task1b_ws'
[1.179s] Level 1:colcon.colcon_core.package_identification:_identify(.) by extensions ['ignore', 'ignore_ament_install']
[1.179s] Level 1:colcon.colcon_core.package_identification:_identify(.) by extension 'ignore'
[1.179s] Level 1:colcon.colcon_core.package_identification:_identify(.) by extension 'ignore_ament_install'
[1.179s] Level 1:colcon.colcon_core.package_identification:_identify(.) by extensions ['colcon_pkg']
[1.180s] Level 1:colcon.colcon_core.package_identification:_identify(.) by extension 'colcon_pkg'
[1.180s] Level 1:colcon.colcon_core.package_identification:_identify(.) by extensions ['colcon_meta']
[1.180s] Level 1:colcon.colcon_core.package_identification:_identify(.) by extension 'colcon_meta'
[1.180s] Level 1:colcon.colcon_core.package_identification:_identify(.) by extensions ['ros']
[1.180s] Level 1:colcon.colcon_core.package_identification:_identify(.) by extension 'ros'
[1.189s] Level 1:colcon.colcon_core.package_identification:_identify(.) by extensions ['cmake', 'python']
[1.189s] Level 1:colcon.colcon_core.package_identification:_identify(.) by extension 'cmake'
[1.189s] Level 1:colcon.colcon_core.package_identification:_identify(.) by extension 'python'
[1.189s] Level 1:colcon.colcon_core.package_identification:_identify(.) by extensions ['python_setup_py']
[1.189s] Level 1:colcon.colcon_core.package_identification:_identify(.) by extension 'python_setup_py'
[1.189s] Level 1:colcon.colcon_core.package_identification:_identify(build) by extensions ['ignore', 'ignore_ament_install']
[1.189s] Level 1:colcon.colcon_core.package_identification:_identify(build) by extension 'ignore'
[1.190s] Level 1:colcon.colcon_core.package_identification:_identify(build) ignored
[1.190s] Level 1:colcon.colcon_core.package_identification:_identify(install) by extensions ['ignore', 'ignore_ament_install']
[1.190s] Level 1:colcon.colcon_core.package_identification:_identify(install) by extension 'ignore'
[1.190s] Level 1:colcon.colcon_core.package_identification:_identify(install) ignored
[1.190s] Level 1:colcon.colcon_core.package_identification:_identify(log) by extensions ['ignore', 'ignore_ament_install']
[1.190s] Level 1:colcon.colcon_core.package_identification:_identify(log) by extension 'ignore'
[1.190s] Level 1:colcon.colcon_core.package_identification:_identify(log) ignored
[1.190s] Level 1:colcon.colcon_core.package_identification:_identify(src) by extensions ['ignore', 'ignore_ament_install']
[1.190s] Level 1:colcon.colcon_core.package_identification:_identify(src) by extension 'ignore'
[1.190s] Level 1:colcon.colcon_core.package_identification:_identify(src) by extension 'ignore_ament_install'
[1.190s] Level 1:colcon.colcon_core.package_identification:_identify(src) by extensions ['colcon_pkg']
[1.190s] Level 1:colcon.colcon_core.package_identification:_identify(src) by extension 'colcon_pkg'
[1.190s] Level 1:colcon.colcon_core.package_identification:_identify(src) by extensions ['colcon_meta']
[1.190s] Level 1:colcon.colcon_core.package_identification:_identify(src) by extension 'colcon_meta'
[1.190s] Level 1:colcon.colcon_core.package_identification:_identify(src) by extensions ['ros']
[1.190s] Level 1:colcon.colcon_core.package_identification:_identify(src) by extension 'ros'
[1.190s] Level 1:colcon.colcon_core.package_identification:_identify(src) by extensions ['cmake', 'python']
[1.190s] Level 1:colcon.colcon_core.package_identification:_identify(src) by extension 'cmake'
[1.190s] Level 1:colcon.colcon_core.package_identification:_identify(src) by extension 'python'
[1.191s] Level 1:colcon.colcon_core.package_identification:_identify(src) by extensions ['python_setup_py']
[1.191s] Level 1:colcon.colcon_core.package_identification:_identify(src) by extension 'python_setup_py'
[1.191s] Level 1:colcon.colcon_core.package_identification:_identify(src/hb_task_1b) by extensions ['ignore', 'ignore_ament_install']
[1.191s] Level 1:colcon.colcon_core.package_identification:_identify(src/hb_task_1b) by extension 'ignore'
[1.191s] Level 1:colcon.colcon_core.package_identification:_identify(src/hb_task_1b) by extension 'ignore_ament_install'
[1.191s] Level 1:colcon.colcon_core.package_identification:_identify(src/hb_task_1b) by extensions ['colcon_pkg']
[1.191s] Level 1:colcon.colcon_core.package_identification:_identify(src/hb_task_1b) by extension 'colcon_pkg'
[1.191s] Level 1:colcon.colcon_core.package_identification:_identify(src/hb_task_1b) by extensions ['colcon_meta']
[1.191s] Level 1:colcon.colcon_core.package_identification:_identify(src/hb_task_1b) by extension 'colcon_meta'
[1.191s] Level 1:colcon.colcon_core.package_identification:_identify(src/hb_task_1b) by extensions ['ros']
[1.191s] Level 1:colcon.colcon_core.package_identification:_identify(src/hb_task_1b) by extension 'ros'
[1.193s] DEBUG:colcon.colcon_core.package_identification:Package 'src/hb_task_1b' with type 'ros.ament_python' and name 'hb_task_1b'
[1.193s] Level 1:colcon.colcon_core.package_identification:_identify(src/my_robot_interfaces) by extensions ['ignore', 'ignore_ament_install']
[1.193s] Level 1:colcon.colcon_core.package_identification:_identify(src/my_robot_interfaces) by extension 'ignore'
[1.193s] Level 1:colcon.colcon_core.package_identification:_identify(src/my_robot_interfaces) by extension 'ignore_ament_install'
[1.193s] Level 1:colcon.colcon_core.package_identification:_identify(src/my_robot_interfaces) by extensions ['colcon_pkg']
[1.193s] Level 1:colcon.colcon_core.package_identification:_identify(src/my_robot_interfaces) by extension 'colcon_pkg'
[1.193s] Level 1:colcon.colcon_core.package_identification:_identify(src/my_robot_interfaces) by extensions ['colcon_meta']
[1.193s] Level 1:colcon.colcon_core.package_identification:_identify(src/my_robot_interfaces) by extension 'colcon_meta'
[1.193s] Level 1:colcon.colcon_core.package_identification:_identify(src/my_robot_interfaces) by extensions ['ros']
[1.193s] Level 1:colcon.colcon_core.package_identification:_identify(src/my_robot_interfaces) by extension 'ros'
[1.194s] DEBUG:colcon.colcon_core.package_identification:Package 'src/my_robot_interfaces' with type 'ros.ament_cmake' and name 'my_robot_interfaces'
[1.194s] Level 1:colcon.colcon_core.package_discovery:discover_packages(recursive) using defaults
[1.194s] Level 1:colcon.colcon_core.package_discovery:discover_packages(ignore) discover
[1.194s] Level 1:colcon.colcon_core.package_discovery:discover_packages(ignore) using defaults
[1.194s] Level 1:colcon.colcon_core.package_discovery:discover_packages(path) discover
[1.194s] Level 1:colcon.colcon_core.package_discovery:discover_packages(path) using defaults
[1.294s] Level 1:colcon.colcon_core.package_discovery:discover_packages(prefix_path) check parameters
[1.294s] Level 1:colcon.colcon_core.package_discovery:discover_packages(prefix_path) discover
[1.320s] WARNING:colcon.colcon_ros.prefix_path.ament:The path '/home/adi/eyrc_hb/hb_task1b_ws/install/my_robot_interfaces' in the environment variable AMENT_PREFIX_PATH doesn't exist
[1.320s] WARNING:colcon.colcon_ros.prefix_path.ament:The path '/home/adi/eyrc_hb/hb_task1b_ws/install/hb_task_1b' in the environment variable AMENT_PREFIX_PATH doesn't exist
[1.320s] WARNING:colcon.colcon_ros.prefix_path.catkin:The path '/home/adi/eyrc_hb/hb_task1b_ws/install/my_robot_interfaces' in the environment variable CMAKE_PREFIX_PATH doesn't exist
[1.338s] DEBUG:colcon.colcon_installed_package_information.package_discovery:Found 0 installed packages in /home/adi/eyrc_hb/hb_task1b_ws/install
[1.358s] DEBUG:colcon.colcon_installed_package_information.package_discovery:Found 291 installed packages in /opt/ros/humble
[1.359s] Level 1:colcon.colcon_core.package_discovery:discover_packages(prefix_path) using defaults
[1.449s] Level 5:colcon.colcon_core.verb:set package 'my_robot_interfaces' build argument 'cmake_args' from command line to 'None'
[1.449s] Level 5:colcon.colcon_core.verb:set package 'my_robot_interfaces' build argument 'cmake_target' from command line to 'None'
[1.449s] Level 5:colcon.colcon_core.verb:set package 'my_robot_interfaces' build argument 'cmake_target_skip_unavailable' from command line to 'False'
[1.450s] Level 5:colcon.colcon_core.verb:set package 'my_robot_interfaces' build argument 'cmake_clean_cache' from command line to 'False'
[1.450s] Level 5:colcon.colcon_core.verb:set package 'my_robot_interfaces' build argument 'cmake_clean_first' from command line to 'False'
[1.450s] Level 5:colcon.colcon_core.verb:set package 'my_robot_interfaces' build argument 'cmake_force_configure' from command line to 'False'
[1.450s] Level 5:colcon.colcon_core.verb:set package 'my_robot_interfaces' build argument 'ament_cmake_args' from command line to 'None'
[1.450s] Level 5:colcon.colcon_core.verb:set package 'my_robot_interfaces' build argument 'catkin_cmake_args' from command line to 'None'
[1.450s] Level 5:colcon.colcon_core.verb:set package 'my_robot_interfaces' build argument 'catkin_skip_building_tests' from command line to 'False'
[1.450s] DEBUG:colcon.colcon_core.verb:Building package 'my_robot_interfaces' with the following arguments: {'ament_cmake_args': None, 'build_base': '/home/adi/eyrc_hb/hb_task1b_ws/build/my_robot_interfaces', 'catkin_cmake_args': None, 'catkin_skip_building_tests': False, 'cmake_args': None, 'cmake_clean_cache': False, 'cmake_clean_first': False, 'cmake_force_configure': False, 'cmake_target': None, 'cmake_target_skip_unavailable': False, 'install_base': '/home/adi/eyrc_hb/hb_task1b_ws/install/my_robot_interfaces', 'merge_install': False, 'path': '/home/adi/eyrc_hb/hb_task1b_ws/src/my_robot_interfaces', 'symlink_install': False, 'test_result_base': None}
[1.466s] Level 5:colcon.colcon_core.verb:set package 'hb_task_1b' build argument 'cmake_args' from command line to 'None'
[1.466s] Level 5:colcon.colcon_core.verb:set package 'hb_task_1b' build argument 'cmake_target' from command line to 'None'
[1.466s] Level 5:colcon.colcon_core.verb:set package 'hb_task_1b' build argument 'cmake_target_skip_unavailable' from command line to 'False'
[1.467s] Level 5:colcon.colcon_core.verb:set package 'hb_task_1b' build argument 'cmake_clean_cache' from command line to 'False'
[1.467s] Level 5:colcon.colcon_core.verb:set package 'hb_task_1b' build argument 'cmake_clean_first' from command line to 'False'
[1.467s] Level 5:colcon.colcon_core.verb:set package 'hb_task_1b' build argument 'cmake_force_configure' from command line to 'False'
[1.467s] Level 5:colcon.colcon_core.verb:set package 'hb_task_1b' build argument 'ament_cmake_args' from command line to 'None'
[1.467s] Level 5:colcon.colcon_core.verb:set package 'hb_task_1b' build argument 'catkin_cmake_args' from command line to 'None'
[1.467s] Level 5:colcon.colcon_core.verb:set package 'hb_task_1b' build argument 'catkin_skip_building_tests' from command line to 'False'
[1.467s] DEBUG:colcon.colcon_core.verb:Building package 'hb_task_1b' with the following arguments: {'ament_cmake_args': None, 'build_base': '/home/adi/eyrc_hb/hb_task1b_ws/build/hb_task_1b', 'catkin_cmake_args': None, 'catkin_skip_building_tests': False, 'cmake_args': None, 'cmake_clean_cache': False, 'cmake_clean_first': False, 'cmake_force_configure': False, 'cmake_target': None, 'cmake_target_skip_unavailable': False, 'install_base': '/home/adi/eyrc_hb/hb_task1b_ws/install/hb_task_1b', 'merge_install': False, 'path': '/home/adi/eyrc_hb/hb_task1b_ws/src/hb_task_1b', 'symlink_install': False, 'test_result_base': None}
[1.483s] INFO:colcon.colcon_core.executor:Executing jobs using 'parallel' executor
[1.501s] DEBUG:colcon.colcon_parallel_executor.executor.parallel:run_until_complete
[1.501s] INFO:colcon.colcon_ros.task.ament_cmake.build:Building ROS package in '/home/adi/eyrc_hb/hb_task1b_ws/src/my_robot_interfaces' with build type 'ament_cmake'
[1.501s] INFO:colcon.colcon_cmake.task.cmake.build:Building CMake package in '/home/adi/eyrc_hb/hb_task1b_ws/src/my_robot_interfaces'
[1.520s] INFO:colcon.colcon_core.plugin_system:Skipping extension 'colcon_core.shell.bat': Not used on non-Windows systems
[1.520s] INFO:colcon.colcon_core.shell:Skip shell extension 'powershell' for command environment: Not usable outside of PowerShell
[1.520s] DEBUG:colcon.colcon_core.shell:Skip shell extension 'dsv' for command environment
[1.578s] DEBUG:colcon.colcon_core.event_handler.log_command:Invoking command in '/home/adi/eyrc_hb/hb_task1b_ws/build/my_robot_interfaces': CMAKE_PREFIX_PATH=${CMAKE_PREFIX_PATH}:/home/adi/eyrc_hb/hb_task1b_ws/install/hb_task_1b:/opt/ros/humble /usr/bin/cmake /home/adi/eyrc_hb/hb_task1b_ws/src/my_robot_interfaces -DCMAKE_INSTALL_PREFIX=/home/adi/eyrc_hb/hb_task1b_ws/install/my_robot_interfaces
[3.006s] DEBUG:colcon.colcon_core.event_handler.log_command:Invoked command in '/home/adi/eyrc_hb/hb_task1b_ws/build/my_robot_interfaces' returned '0': CMAKE_PREFIX_PATH=${CMAKE_PREFIX_PATH}:/home/adi/eyrc_hb/hb_task1b_ws/install/hb_task_1b:/opt/ros/humble /usr/bin/cmake /home/adi/eyrc_hb/hb_task1b_ws/src/my_robot_interfaces -DCMAKE_INSTALL_PREFIX=/home/adi/eyrc_hb/hb_task1b_ws/install/my_robot_interfaces
[3.009s] DEBUG:colcon.colcon_core.event_handler.log_command:Invoking command in '/home/adi/eyrc_hb/hb_task1b_ws/build/my_robot_interfaces': CMAKE_PREFIX_PATH=${CMAKE_PREFIX_PATH}:/home/adi/eyrc_hb/hb_task1b_ws/install/hb_task_1b:/opt/ros/humble /usr/bin/cmake --build /home/adi/eyrc_hb/hb_task1b_ws/build/my_robot_interfaces -- -j8 -l8
[5.053s] DEBUG:colcon.colcon_core.event_handler.log_command:Invoked command in '/home/adi/eyrc_hb/hb_task1b_ws/build/my_robot_interfaces' returned '0': CMAKE_PREFIX_PATH=${CMAKE_PREFIX_PATH}:/home/adi/eyrc_hb/hb_task1b_ws/install/hb_task_1b:/opt/ros/humble /usr/bin/cmake --build /home/adi/eyrc_hb/hb_task1b_ws/build/my_robot_interfaces -- -j8 -l8
[5.098s] DEBUG:colcon.colcon_core.event_handler.log_command:Invoking command in '/home/adi/eyrc_hb/hb_task1b_ws/build/my_robot_interfaces': CMAKE_PREFIX_PATH=${CMAKE_PREFIX_PATH}:/home/adi/eyrc_hb/hb_task1b_ws/install/hb_task_1b:/opt/ros/humble /usr/bin/cmake --install /home/adi/eyrc_hb/hb_task1b_ws/build/my_robot_interfaces
[5.152s] Level 1:colcon.colcon_core.environment:create_environment_scripts_only(my_robot_interfaces)
[5.153s] DEBUG:colcon.colcon_core.event_handler.log_command:Invoked command in '/home/adi/eyrc_hb/hb_task1b_ws/build/my_robot_interfaces' returned '0': CMAKE_PREFIX_PATH=${CMAKE_PREFIX_PATH}:/home/adi/eyrc_hb/hb_task1b_ws/install/hb_task_1b:/opt/ros/humble /usr/bin/cmake --install /home/adi/eyrc_hb/hb_task1b_ws/build/my_robot_interfaces
[5.182s] Level 1:colcon.colcon_core.environment:checking '/home/adi/eyrc_hb/hb_task1b_ws/install/my_robot_interfaces' for CMake module files
[5.182s] Level 1:colcon.colcon_core.environment:checking '/home/adi/eyrc_hb/hb_task1b_ws/install/my_robot_interfaces' for CMake config files
[5.182s] Level 1:colcon.colcon_core.shell:create_environment_hook('my_robot_interfaces', 'cmake_prefix_path')
[5.199s] INFO:colcon.colcon_core.shell:Creating environment hook '/home/adi/eyrc_hb/hb_task1b_ws/install/my_robot_interfaces/share/my_robot_interfaces/hook/cmake_prefix_path.ps1'
[5.200s] INFO:colcon.colcon_core.shell:Creating environment descriptor '/home/adi/eyrc_hb/hb_task1b_ws/install/my_robot_interfaces/share/my_robot_interfaces/hook/cmake_prefix_path.dsv'
[5.200s] INFO:colcon.colcon_core.shell:Creating environment hook '/home/adi/eyrc_hb/hb_task1b_ws/install/my_robot_interfaces/share/my_robot_interfaces/hook/cmake_prefix_path.sh'
[5.201s] Level 1:colcon.colcon_core.environment:checking '/home/adi/eyrc_hb/hb_task1b_ws/install/my_robot_interfaces/lib'
[5.201s] Level 1:colcon.colcon_core.shell:create_environment_hook('my_robot_interfaces', 'ld_library_path_lib')
[5.218s] INFO:colcon.colcon_core.shell:Creating environment hook '/home/adi/eyrc_hb/hb_task1b_ws/install/my_robot_interfaces/share/my_robot_interfaces/hook/ld_library_path_lib.ps1'
[5.219s] INFO:colcon.colcon_core.shell:Creating environment descriptor '/home/adi/eyrc_hb/hb_task1b_ws/install/my_robot_interfaces/share/my_robot_interfaces/hook/ld_library_path_lib.dsv'
[5.219s] INFO:colcon.colcon_core.shell:Creating environment hook '/home/adi/eyrc_hb/hb_task1b_ws/install/my_robot_interfaces/share/my_robot_interfaces/hook/ld_library_path_lib.sh'
[5.219s] Level 1:colcon.colcon_core.environment:checking '/home/adi/eyrc_hb/hb_task1b_ws/install/my_robot_interfaces/bin'
[5.219s] Level 1:colcon.colcon_core.environment:checking '/home/adi/eyrc_hb/hb_task1b_ws/install/my_robot_interfaces/lib/pkgconfig/my_robot_interfaces.pc'
[5.219s] Level 1:colcon.colcon_core.environment:checking '/home/adi/eyrc_hb/hb_task1b_ws/install/my_robot_interfaces/lib/python3.10/site-packages'
[5.220s] Level 1:colcon.colcon_core.environment:checking '/home/adi/eyrc_hb/hb_task1b_ws/install/my_robot_interfaces/bin'
[5.238s] INFO:colcon.colcon_core.shell:Creating package script '/home/adi/eyrc_hb/hb_task1b_ws/install/my_robot_interfaces/share/my_robot_interfaces/package.ps1'
[5.239s] INFO:colcon.colcon_core.shell:Creating package descriptor '/home/adi/eyrc_hb/hb_task1b_ws/install/my_robot_interfaces/share/my_robot_interfaces/package.dsv'
[5.240s] INFO:colcon.colcon_core.shell:Creating package script '/home/adi/eyrc_hb/hb_task1b_ws/install/my_robot_interfaces/share/my_robot_interfaces/package.sh'
[5.241s] INFO:colcon.colcon_core.shell:Creating package script '/home/adi/eyrc_hb/hb_task1b_ws/install/my_robot_interfaces/share/my_robot_interfaces/package.bash'
[5.241s] INFO:colcon.colcon_core.shell:Creating package script '/home/adi/eyrc_hb/hb_task1b_ws/install/my_robot_interfaces/share/my_robot_interfaces/package.zsh'
[5.242s] Level 1:colcon.colcon_core.environment:create_file_with_runtime_dependencies(/home/adi/eyrc_hb/hb_task1b_ws/install/my_robot_interfaces/share/colcon-core/packages/my_robot_interfaces)
[5.296s] Level 1:colcon.colcon_core.environment:create_environment_scripts_only(my_robot_interfaces)
[5.314s] Level 1:colcon.colcon_core.environment:checking '/home/adi/eyrc_hb/hb_task1b_ws/install/my_robot_interfaces' for CMake module files
[5.314s] Level 1:colcon.colcon_core.environment:checking '/home/adi/eyrc_hb/hb_task1b_ws/install/my_robot_interfaces' for CMake config files
[5.315s] Level 1:colcon.colcon_core.shell:create_environment_hook('my_robot_interfaces', 'cmake_prefix_path')
[5.332s] INFO:colcon.colcon_core.shell:Creating environment hook '/home/adi/eyrc_hb/hb_task1b_ws/install/my_robot_interfaces/share/my_robot_interfaces/hook/cmake_prefix_path.ps1'
[5.332s] INFO:colcon.colcon_core.shell:Creating environment descriptor '/home/adi/eyrc_hb/hb_task1b_ws/install/my_robot_interfaces/share/my_robot_interfaces/hook/cmake_prefix_path.dsv'
[5.332s] INFO:colcon.colcon_core.shell:Creating environment hook '/home/adi/eyrc_hb/hb_task1b_ws/install/my_robot_interfaces/share/my_robot_interfaces/hook/cmake_prefix_path.sh'
[5.333s] Level 1:colcon.colcon_core.environment:checking '/home/adi/eyrc_hb/hb_task1b_ws/install/my_robot_interfaces/lib'
[5.333s] Level 1:colcon.colcon_core.shell:create_environment_hook('my_robot_interfaces', 'ld_library_path_lib')
[5.351s] INFO:colcon.colcon_core.shell:Creating environment hook '/home/adi/eyrc_hb/hb_task1b_ws/install/my_robot_interfaces/share/my_robot_interfaces/hook/ld_library_path_lib.ps1'
[5.351s] INFO:colcon.colcon_core.shell:Creating environment descriptor '/home/adi/eyrc_hb/hb_task1b_ws/install/my_robot_interfaces/share/my_robot_interfaces/hook/ld_library_path_lib.dsv'
[5.351s] INFO:colcon.colcon_core.shell:Creating environment hook '/home/adi/eyrc_hb/hb_task1b_ws/install/my_robot_interfaces/share/my_robot_interfaces/hook/ld_library_path_lib.sh'
[5.352s] Level 1:colcon.colcon_core.environment:checking '/home/adi/eyrc_hb/hb_task1b_ws/install/my_robot_interfaces/bin'
[5.352s] Level 1:colcon.colcon_core.environment:checking '/home/adi/eyrc_hb/hb_task1b_ws/install/my_robot_interfaces/lib/pkgconfig/my_robot_interfaces.pc'
[5.352s] Level 1:colcon.colcon_core.environment:checking '/home/adi/eyrc_hb/hb_task1b_ws/install/my_robot_interfaces/lib/python3.10/site-packages'
[5.352s] Level 1:colcon.colcon_core.environment:checking '/home/adi/eyrc_hb/hb_task1b_ws/install/my_robot_interfaces/bin'
[5.370s] INFO:colcon.colcon_core.shell:Creating package script '/home/adi/eyrc_hb/hb_task1b_ws/install/my_robot_interfaces/share/my_robot_interfaces/package.ps1'
[5.370s] INFO:colcon.colcon_core.shell:Creating package descriptor '/home/adi/eyrc_hb/hb_task1b_ws/install/my_robot_interfaces/share/my_robot_interfaces/package.dsv'
[5.371s] INFO:colcon.colcon_core.shell:Creating package script '/home/adi/eyrc_hb/hb_task1b_ws/install/my_robot_interfaces/share/my_robot_interfaces/package.sh'
[5.371s] INFO:colcon.colcon_core.shell:Creating package script '/home/adi/eyrc_hb/hb_task1b_ws/install/my_robot_interfaces/share/my_robot_interfaces/package.bash'
[5.372s] INFO:colcon.colcon_core.shell:Creating package script '/home/adi/eyrc_hb/hb_task1b_ws/install/my_robot_interfaces/share/my_robot_interfaces/package.zsh'
[5.372s] Level 1:colcon.colcon_core.environment:create_file_with_runtime_dependencies(/home/adi/eyrc_hb/hb_task1b_ws/install/my_robot_interfaces/share/colcon-core/packages/my_robot_interfaces)
[5.372s] INFO:colcon.colcon_ros.task.ament_python.build:Building ROS package in '/home/adi/eyrc_hb/hb_task1b_ws/src/hb_task_1b' with build type 'ament_python'
[5.373s] Level 1:colcon.colcon_core.shell:create_environment_hook('hb_task_1b', 'ament_prefix_path')
[5.397s] INFO:colcon.colcon_core.shell:Creating environment hook '/home/adi/eyrc_hb/hb_task1b_ws/install/hb_task_1b/share/hb_task_1b/hook/ament_prefix_path.ps1'
[5.398s] INFO:colcon.colcon_core.shell:Creating environment descriptor '/home/adi/eyrc_hb/hb_task1b_ws/install/hb_task_1b/share/hb_task_1b/hook/ament_prefix_path.dsv'
[5.398s] INFO:colcon.colcon_core.shell:Creating environment hook '/home/adi/eyrc_hb/hb_task1b_ws/install/hb_task_1b/share/hb_task_1b/hook/ament_prefix_path.sh'
[5.418s] INFO:colcon.colcon_core.shell:Skip shell extension 'powershell' for command environment: Not usable outside of PowerShell
[5.418s] DEBUG:colcon.colcon_core.shell:Skip shell extension 'dsv' for command environment
[5.769s] INFO:colcon.colcon_core.task.python.build:Building Python package in '/home/adi/eyrc_hb/hb_task1b_ws/src/hb_task_1b'
[5.798s] INFO:colcon.colcon_core.shell:Skip shell extension 'powershell' for command environment: Not usable outside of PowerShell
[5.798s] DEBUG:colcon.colcon_core.shell:Skip shell extension 'dsv' for command environment
[6.220s] DEBUG:colcon.colcon_core.event_handler.log_command:Invoking command in '/home/adi/eyrc_hb/hb_task1b_ws/src/hb_task_1b': PYTHONPATH=/home/adi/eyrc_hb/hb_task1b_ws/build/hb_task_1b/prefix_override:/home/adi/eyrc_hb/hb_task1b_ws/install/hb_task_1b/lib/python3.10/site-packages:${PYTHONPATH} /usr/bin/python3 setup.py egg_info --egg-base ../../build/hb_task_1b build --build-base /home/adi/eyrc_hb/hb_task1b_ws/build/hb_task_1b/build install --record /home/adi/eyrc_hb/hb_task1b_ws/build/hb_task_1b/install.log --single-version-externally-managed
[6.514s] DEBUG:colcon.colcon_core.event_handler.log_command:Invoked command in '/home/adi/eyrc_hb/hb_task1b_ws/src/hb_task_1b' returned '0': PYTHONPATH=/home/adi/eyrc_hb/hb_task1b_ws/build/hb_task_1b/prefix_override:/home/adi/eyrc_hb/hb_task1b_ws/install/hb_task_1b/lib/python3.10/site-packages:${PYTHONPATH} /usr/bin/python3 setup.py egg_info --egg-base ../../build/hb_task_1b build --build-base /home/adi/eyrc_hb/hb_task1b_ws/build/hb_task_1b/build install --record /home/adi/eyrc_hb/hb_task1b_ws/build/hb_task_1b/install.log --single-version-externally-managed
[6.531s] Level 1:colcon.colcon_core.environment:checking '/home/adi/eyrc_hb/hb_task1b_ws/install/hb_task_1b' for CMake module files
[6.531s] Level 1:colcon.colcon_core.environment:checking '/home/adi/eyrc_hb/hb_task1b_ws/install/hb_task_1b' for CMake config files
[6.532s] Level 1:colcon.colcon_core.environment:checking '/home/adi/eyrc_hb/hb_task1b_ws/install/hb_task_1b/lib'
[6.532s] Level 1:colcon.colcon_core.environment:checking '/home/adi/eyrc_hb/hb_task1b_ws/install/hb_task_1b/bin'
[6.532s] Level 1:colcon.colcon_core.environment:checking '/home/adi/eyrc_hb/hb_task1b_ws/install/hb_task_1b/lib/pkgconfig/hb_task_1b.pc'
[6.532s] Level 1:colcon.colcon_core.environment:checking '/home/adi/eyrc_hb/hb_task1b_ws/install/hb_task_1b/lib/python3.10/site-packages'
[6.532s] Level 1:colcon.colcon_core.shell:create_environment_hook('hb_task_1b', 'pythonpath')
[6.551s] INFO:colcon.colcon_core.shell:Creating environment hook '/home/adi/eyrc_hb/hb_task1b_ws/install/hb_task_1b/share/hb_task_1b/hook/pythonpath.ps1'
[6.551s] INFO:colcon.colcon_core.shell:Creating environment descriptor '/home/adi/eyrc_hb/hb_task1b_ws/install/hb_task_1b/share/hb_task_1b/hook/pythonpath.dsv'
[6.552s] INFO:colcon.colcon_core.shell:Creating environment hook '/home/adi/eyrc_hb/hb_task1b_ws/install/hb_task_1b/share/hb_task_1b/hook/pythonpath.sh'
[6.552s] Level 1:colcon.colcon_core.environment:checking '/home/adi/eyrc_hb/hb_task1b_ws/install/hb_task_1b/bin'
[6.552s] Level 1:colcon.colcon_core.environment:create_environment_scripts_only(hb_task_1b)
[6.570s] INFO:colcon.colcon_core.shell:Creating package script '/home/adi/eyrc_hb/hb_task1b_ws/install/hb_task_1b/share/hb_task_1b/package.ps1'
[6.571s] INFO:colcon.colcon_core.shell:Creating package descriptor '/home/adi/eyrc_hb/hb_task1b_ws/install/hb_task_1b/share/hb_task_1b/package.dsv'
[6.571s] INFO:colcon.colcon_core.shell:Creating package script '/home/adi/eyrc_hb/hb_task1b_ws/install/hb_task_1b/share/hb_task_1b/package.sh'
[6.571s] INFO:colcon.colcon_core.shell:Creating package script '/home/adi/eyrc_hb/hb_task1b_ws/install/hb_task_1b/share/hb_task_1b/package.bash'
[6.572s] INFO:colcon.colcon_core.shell:Creating package script '/home/adi/eyrc_hb/hb_task1b_ws/install/hb_task_1b/share/hb_task_1b/package.zsh'
[6.572s] Level 1:colcon.colcon_core.environment:create_file_with_runtime_dependencies(/home/adi/eyrc_hb/hb_task1b_ws/install/hb_task_1b/share/colcon-core/packages/hb_task_1b)
[6.572s] DEBUG:colcon.colcon_parallel_executor.executor.parallel:closing loop
[6.572s] DEBUG:colcon.colcon_parallel_executor.executor.parallel:loop closed
[6.573s] DEBUG:colcon.colcon_parallel_executor.executor.parallel:run_until_complete finished with '0'
[6.573s] DEBUG:colcon.colcon_core.event_reactor:joining thread
[6.594s] INFO:colcon.colcon_core.plugin_system:Skipping extension 'colcon_notification.desktop_notification.terminal_notifier': Not used on non-Darwin systems
[6.594s] INFO:colcon.colcon_core.plugin_system:Skipping extension 'colcon_notification.desktop_notification.win32': Not used on non-Windows systems
[6.594s] INFO:colcon.colcon_notification.desktop_notification:Sending desktop notification using 'notify2'
[6.606s] DEBUG:colcon.colcon_core.event_reactor:joined thread
[6.631s] INFO:colcon.colcon_core.shell:Creating prefix script '/home/adi/eyrc_hb/hb_task1b_ws/install/local_setup.ps1'
[6.632s] INFO:colcon.colcon_core.shell:Creating prefix util module '/home/adi/eyrc_hb/hb_task1b_ws/install/_local_setup_util_ps1.py'
[6.634s] INFO:colcon.colcon_core.shell:Creating prefix chain script '/home/adi/eyrc_hb/hb_task1b_ws/install/setup.ps1'
[6.656s] INFO:colcon.colcon_core.shell:Creating prefix script '/home/adi/eyrc_hb/hb_task1b_ws/install/local_setup.sh'
[6.657s] INFO:colcon.colcon_core.shell:Creating prefix util module '/home/adi/eyrc_hb/hb_task1b_ws/install/_local_setup_util_sh.py'
[6.657s] INFO:colcon.colcon_core.shell:Creating prefix chain script '/home/adi/eyrc_hb/hb_task1b_ws/install/setup.sh'
[6.675s] INFO:colcon.colcon_core.shell:Creating prefix script '/home/adi/eyrc_hb/hb_task1b_ws/install/local_setup.bash'
[6.675s] INFO:colcon.colcon_core.shell:Creating prefix chain script '/home/adi/eyrc_hb/hb_task1b_ws/install/setup.bash'
[6.693s] INFO:colcon.colcon_core.shell:Creating prefix script '/home/adi/eyrc_hb/hb_task1b_ws/install/local_setup.zsh'
[6.694s] INFO:colcon.colcon_core.shell:Creating prefix chain script '/home/adi/eyrc_hb/hb_task1b_ws/install/setup.zsh'
